[2021-05-13 21:10:45] [WARNING]: 警告: 强烈不推荐通过双击直接运行本程序, 这将导致一些非预料的后果. 
[2021-05-13 21:10:45] [WARNING]: 将等待10s后启动 
[2021-05-13 21:10:55] [WARNING]: 请修改 config.hjson 以添加账号密码. 
[2021-05-13 21:17:01] [WARNING]: 警告: 强烈不推荐通过双击直接运行本程序, 这将导致一些非预料的后果. 
[2021-05-13 21:17:01] [WARNING]: 将等待10s后启动 
[2021-05-13 21:17:11] [WARNING]: 请修改 config.hjson 以添加账号密码. 
[2021-05-13 21:20:42] [WARNING]: 警告: 强烈不推荐通过双击直接运行本程序, 这将导致一些非预料的后果. 
[2021-05-13 21:20:42] [WARNING]: 将等待10s后启动 
[2021-05-13 21:20:52] [INFO]: 当前版本:v0.9.40-fix5 
[2021-05-13 21:20:52] [INFO]: 用户交流群: 721829413 
[2021-05-13 21:20:52] [WARNING]: 虚拟设备信息不存在, 将自动生成随机设备. 
[2021-05-13 21:20:52] [INFO]: 已生成设备信息并保存到 device.json 文件. 
[2021-05-13 21:20:52] [INFO]: Bot将在5秒后登录并开始信息处理, 按 Ctrl+C 取消. 
[2021-05-13 21:20:57] [INFO]: 开始尝试登录并同步消息... 
[2021-05-13 21:20:57] [INFO]: 使用协议: iPad 
[2021-05-13 21:21:00] [INFO]: Protocol -> connect to server: 221.198.70.207:14000 
[2021-05-13 21:21:00] [INFO]: Admin API 服务器已启动: 127.0.0.1:9999 
[2021-05-13 21:21:01] [WARNING]: 登录需要滑条验证码, 请选择解决方案:  
[2021-05-13 21:21:01] [WARNING]: 1. 自行抓包. (推荐) 
[2021-05-13 21:21:01] [WARNING]: 2. 使用Cef自动处理. 
[2021-05-13 21:21:01] [WARNING]: 3. 不提交滑块并继续.(可能会导致上网环境异常错误) 
[2021-05-13 21:21:01] [WARNING]: 详细信息请参考文档 -> https://github.com/Mrs4s/go-cqhttp/blob/master/docs/slider.md <- 
[2021-05-13 21:21:01] [WARNING]: 请输入(1 - 3)： 
[2021-05-13 21:21:28] [WARNING]: 请用浏览器打开 -> https://ssl.captcha.qq.com/template/wireless_mqq_captcha.html?style=simple&aid=16&uin=1730969191&sid=563547737180459134&cap_cd=RucZ2lDSwyWWYZ6W4E7sCcPBEkzE0a3mC9Utz_gIbTEx_9Q3Mft5eA**&clientype=1&apptype=2 <- 并获取Ticket. 
[2021-05-13 21:21:28] [WARNING]: 请输入Ticket： (Enter 提交) 
[2021-05-13 21:21:58] [WARNING]: 错误: 当前上网环境异常. 将更换服务器并重试. 
[2021-05-13 21:21:59] [INFO]: Protocol -> connect to server: 203.205.255.221:8080 
[2021-05-13 21:22:00] [WARNING]: 登录需要滑条验证码, 请选择解决方案:  
[2021-05-13 21:22:00] [WARNING]: 1. 自行抓包. (推荐) 
[2021-05-13 21:22:00] [WARNING]: 2. 使用Cef自动处理. 
[2021-05-13 21:22:00] [WARNING]: 3. 不提交滑块并继续.(可能会导致上网环境异常错误) 
[2021-05-13 21:22:00] [WARNING]: 详细信息请参考文档 -> https://github.com/Mrs4s/go-cqhttp/blob/master/docs/slider.md <- 
[2021-05-13 21:22:00] [WARNING]: 请输入(1 - 3)： 
[2021-05-13 21:22:03] [WARNING]: 请用浏览器打开 -> https://ssl.captcha.qq.com/template/wireless_mqq_captcha.html?style=simple&aid=16&uin=1730969191&sid=3244311146175254713&cap_cd=PI_rQiVPpESIrDPeXfv3bAOG1OCOLyGGOxHRp21Tnj8q2m53BdgdNw**&clientype=1&apptype=2 <- 并获取Ticket. 
[2021-05-13 21:22:03] [WARNING]: 请输入Ticket： (Enter 提交) 
[2021-05-13 21:22:23] [WARNING]: 错误: 当前上网环境异常. 将更换服务器并重试. 
[2021-05-13 21:22:24] [INFO]: Protocol -> connect to server: 109.244.154.224:443 
[2021-05-13 21:22:25] [WARNING]: 登录需要滑条验证码, 请选择解决方案:  
[2021-05-13 21:22:25] [WARNING]: 1. 自行抓包. (推荐) 
[2021-05-13 21:22:25] [WARNING]: 2. 使用Cef自动处理. 
[2021-05-13 21:22:25] [WARNING]: 3. 不提交滑块并继续.(可能会导致上网环境异常错误) 
[2021-05-13 21:22:25] [WARNING]: 详细信息请参考文档 -> https://github.com/Mrs4s/go-cqhttp/blob/master/docs/slider.md <- 
[2021-05-13 21:22:25] [WARNING]: 请输入(1 - 3)： 
[2021-05-13 21:22:31] [WARNING]: 滑块ID为 416551 请在30S内处理. 
[2021-05-13 21:22:32] [WARNING]: 错误: 当前上网环境异常. 将更换服务器并重试. 
[2021-05-13 21:22:33] [INFO]: Protocol -> connect to server: 203.205.232.75:8080 
[2021-05-13 21:22:34] [WARNING]: 登录需要滑条验证码, 请选择解决方案:  
[2021-05-13 21:22:34] [WARNING]: 1. 自行抓包. (推荐) 
[2021-05-13 21:22:34] [WARNING]: 2. 使用Cef自动处理. 
[2021-05-13 21:22:34] [WARNING]: 3. 不提交滑块并继续.(可能会导致上网环境异常错误) 
[2021-05-13 21:22:34] [WARNING]: 详细信息请参考文档 -> https://github.com/Mrs4s/go-cqhttp/blob/master/docs/slider.md <- 
[2021-05-13 21:22:34] [WARNING]: 请输入(1 - 3)： 
[2021-05-13 21:23:13] [WARNING]: 请用浏览器打开 -> https://ssl.captcha.qq.com/template/wireless_mqq_captcha.html?style=simple&aid=16&uin=1730969191&sid=1173987521950765275&cap_cd=8uEWwatc-4F2TX99ZlvZ_I3DXkFpTN9IkslUcTOPLlVjyIidfaqs0Q**&clientype=1&apptype=2 <- 并获取Ticket. 
[2021-05-13 21:23:13] [WARNING]: 请输入Ticket： (Enter 提交) 
[2021-05-13 21:25:14] [WARNING]: 账号已开启设备锁，请选择验证方式: 
[2021-05-13 21:25:14] [WARNING]: 1. 向手机 136******25 发送短信验证码 
[2021-05-13 21:25:14] [WARNING]: 2. 使用手机QQ扫码验证. 
[2021-05-13 21:25:14] [WARNING]: 请输入(1 - 2)： 
[2021-05-13 21:40:14] [ERROR]: Protocol -> unexpected disconnect: read tcp 192.168.201.177:62335->203.205.232.75:8080: wsarecv: An existing connection was forcibly closed by the remote host. 
[2021-05-13 21:40:14] [INFO]: Protocol -> connect to server: 221.198.70.207:14000 
[2021-05-13 21:40:16] [ERROR]: Protocol -> parse incoming packet error: session expired 
[2021-05-13 21:40:46] [ERROR]: Protocol -> register client failed: Packet timed out 
